C51 COMPILER V9.55   I2C                                                                   12/15/2021 23:50:00 PAGE 1   


C51 COMPILER V9.55, COMPILATION OF MODULE I2C
OBJECT MODULE PLACED IN .\Objects\I2C.obj
COMPILER INVOKED BY: E:\Keilv5\C51\BIN\C51.EXE I2C.c OPTIMIZE(8,SPEED) BROWSE MODP2 DEBUG OBJECTEXTEND PRINT(.\Listings\
                    -I2C.lst) TABS(2) OBJECT(.\Objects\I2C.obj)

line level    source

   1          #include <I2C.h>
   2          #include <STC8.H>
   3          
   4          void IIC_Init() //设置为主机模式
   5          {
   6   1        P_SW2 = 0X80;
   7   1        
   8   1        P1PU = 0XFF;    //设置P1内部上拉电阻
   9   1        
  10   1        I2CCFG = 0Xe0;
  11   1        I2CMSST = 0X00;
  12   1      }
  13          void IIC_Wait()
  14          {
  15   1        while(!(I2CMSST & 0X40));
  16   1        I2CMSST &= ~0X40;
  17   1      }
  18          
  19          void IIC_Start()
  20          {
  21   1        I2CMSCR = 0X01;
  22   1        IIC_Wait();
  23   1      }
  24          
  25          void IIC_SendData(char dat)
  26          {
  27   1        I2CTXD = dat;
  28   1        I2CMSCR = 0X02;
  29   1        IIC_Wait();
  30   1      }
  31          
  32          void IIC_RecvAck()
  33          {
  34   1        I2CMSCR = 0X03;
  35   1        IIC_Wait();
  36   1      }
  37          
  38          char IIC_RecvData()
  39          {
  40   1        I2CMSCR = 0X04;
  41   1        IIC_Wait();
  42   1        return I2CRXD;
  43   1      }
  44          
  45          void IIC_SendAck()
  46          {
  47   1        I2CMSST = 0X00;
  48   1        I2CMSCR = 0X05;
  49   1        IIC_Wait();
  50   1      }
  51          
  52          void IIC_SendNak()
  53          {
  54   1        I2CMSST = 0X01;
C51 COMPILER V9.55   I2C                                                                   12/15/2021 23:50:00 PAGE 2   

  55   1        I2CMSCR = 0X05;
  56   1        IIC_Wait();
  57   1      }
  58          
  59          void IIC_Stop()
  60          {
  61   1        I2CMSCR = 0X06;
  62   1        IIC_Wait();
  63   1      }
  64          


MODULE INFORMATION:   STATIC OVERLAYABLE
   CODE SIZE        =    121    ----
   CONSTANT SIZE    =   ----    ----
   XDATA SIZE       =   ----    ----
   PDATA SIZE       =   ----    ----
   DATA SIZE        =   ----    ----
   IDATA SIZE       =   ----    ----
   BIT SIZE         =   ----    ----
END OF MODULE INFORMATION.


C51 COMPILATION COMPLETE.  0 WARNING(S),  0 ERROR(S)
