C51 COMPILER V9.55   TIMER                                                                 12/15/2021 23:50:00 PAGE 1   


C51 COMPILER V9.55, COMPILATION OF MODULE TIMER
OBJECT MODULE PLACED IN .\Objects\timer.obj
COMPILER INVOKED BY: E:\Keilv5\C51\BIN\C51.EXE timer.c OPTIMIZE(8,SPEED) BROWSE MODP2 DEBUG OBJECTEXTEND PRINT(.\Listing
                    -s\timer.lst) TABS(2) OBJECT(.\Objects\timer.obj)

line level    source

   1          #include <STC8.H>
   2          #include <Delay.h>
   3          #include <DS1302.h>
   4          #include <oled12864.h>
   5          #include <dht11.h>
   6          #include <uart.h>
   7          #include <NixieTube.h>
   8          
   9          
  10          unsigned int xdata e = 0;
  11          unsigned int xdata n = 0;
  12          unsigned int xdata x = 0;
  13          
  14          unsigned char Nixie_Time[4];
  15          
  16          void Timer0Init(void)   //1毫秒@22.1184MHz
  17          {
  18   1        AUXR |= 0x80;   //定时器时钟1T模式
  19   1        TMOD &= 0xF0;   //设置定时器模式
  20   1        TL0 = 0x9A;   //设置定时初始值
  21   1        TH0 = 0xA9;   //设置定时初始值
  22   1        TF0 = 0;    //清除TF0标志
  23   1        TR0 = 1;    //定时器0开始计时
  24   1        
  25   1        PPCA = 1;
  26   1        IPH = PPCAH; //CCP中断优先级设置为zuigao级
  27   1        
  28   1        IP2 = PS2;
  29   1        IP2H = 0X00;  //设置串口2中断优先级为较gao级
  30   1      }
  31          
  32          
  33          void Timer0Interrupt() interrupt 1
  34          {
  35   1        e++;
  36   1        n++;
  37   1        x++;
  38   1        if(e > 20000) //(计数60000次)
  39   1        {
  40   2          e = 0;
  41   2          send2Str("AT+CIPSNTPTIME?\r\n"); //向ntp服务器发送请求对时
  42   2        }
  43   1      }
  44          
  45          


MODULE INFORMATION:   STATIC OVERLAYABLE
   CODE SIZE        =    168    ----
   CONSTANT SIZE    =     18    ----
   XDATA SIZE       =      6    ----
   PDATA SIZE       =   ----    ----
   DATA SIZE        =      4    ----
   IDATA SIZE       =   ----    ----
C51 COMPILER V9.55   TIMER                                                                 12/15/2021 23:50:00 PAGE 2   

   BIT SIZE         =   ----    ----
END OF MODULE INFORMATION.


C51 COMPILATION COMPLETE.  0 WARNING(S),  0 ERROR(S)
